<?xml version="1.0" encoding="UTF-8"?>
<!-- Generated by org.testng.reporters.JUnitReportReporter -->
<testsuite hostname="LAPTOP-RTGV64HI" failures="0" tests="1" name="practice.ReadDatafromCMD" time="0.006" errors="0" timestamp="2024-06-15T18:08:40 IST" skipped="0">
  <testcase classname="practice.ReadDatafromCMD" name="read" time="0.006"/>
</testsuite> <!-- practice.ReadDatafromCMD -->
