<?xml version="1.0" encoding="UTF-8"?>
<!-- Generated by org.testng.reporters.JUnitReportReporter -->
<testsuite hostname="LAPTOP-RTGV64HI" failures="0" tests="1" name="organizationpackage.CreateOrganizationTest" time="15.443" errors="0" timestamp="2024-07-19T19:26:34 IST" skipped="0">
  <testcase classname="organizationpackage.CreateOrganizationTest" name="createOrganizationPage" time="15.443"/>
</testsuite> <!-- organizationpackage.CreateOrganizationTest -->
