<?xml version="1.0" encoding="UTF-8"?>
<!-- Generated by org.testng.reporters.JUnitReportReporter -->
<testsuite hostname="LAPTOP-RTGV64HI" failures="0" tests="1" name="document_package.Create_Document_Test" time="16.106" errors="0" timestamp="2024-07-20T19:30:47 IST" skipped="0">
  <testcase classname="document_package.Create_Document_Test" name="createDocument" time="16.106"/>
</testsuite> <!-- document_package.Create_Document_Test -->
