<?xml version="1.0" encoding="UTF-8"?>
<!-- Generated by org.testng.reporters.JUnitReportReporter -->
<testsuite hostname="LAPTOP-RTGV64HI" failures="0" tests="1" name="leadspackage.CreateNewLeadTest" time="40.783" errors="0" timestamp="2024-03-31T12:35:42 IST" skipped="0">
  <testcase classname="leadspackage.CreateNewLeadTest" name="createnewLeadwithMandatoryfields" time="40.783"/>
</testsuite> <!-- leadspackage.CreateNewLeadTest -->
