<?xml version="1.0" encoding="UTF-8"?>
<!-- Generated by org.testng.reporters.JUnitReportReporter -->
<testsuite hostname="LAPTOP-RTGV64HI" failures="0" tests="1" name="createContact_package.CreateNewContactWithLeadSourceTest" time="8.703" errors="0" timestamp="2024-06-15T18:11:07 IST" skipped="0">
  <testcase classname="createContact_package.CreateNewContactWithLeadSourceTest" name="NewContactWithMandatoryFields" time="8.703"/>
</testsuite> <!-- createContact_package.CreateNewContactWithLeadSourceTest -->
