<?xml version="1.0" encoding="UTF-8"?>
<!-- Generated by org.testng.reporters.JUnitReportReporter -->
<testsuite hostname="LAPTOP-RTGV64HI" failures="0" tests="1" name="organizationpackage.CreateOrganizationwithIndustryTest" time="9.325" errors="0" timestamp="2024-03-29T18:58:38 IST" skipped="0">
  <testcase classname="organizationpackage.CreateOrganizationwithIndustryTest" name="createOrganizationPage" time="9.325"/>
</testsuite> <!-- organizationpackage.CreateOrganizationwithIndustryTest -->
