<?xml version="1.0" encoding="UTF-8"?>
<!-- Generated by org.testng.reporters.JUnitReportReporter -->
<testsuite hostname="LAPTOP-RTGV64HI" failures="0" tests="1" name="leadspackage.CreateNewLeadWithFNTest" time="9.299" errors="0" timestamp="2024-06-15T18:05:26 IST" skipped="0">
  <testcase classname="leadspackage.CreateNewLeadWithFNTest" name="createNewLeadWithFirstName" time="9.299"/>
</testsuite> <!-- leadspackage.CreateNewLeadWithFNTest -->
