<?xml version="1.0" encoding="UTF-8"?>
<!-- Generated by org.testng.reporters.JUnitReportReporter -->
<testsuite hostname="LAPTOP-RTGV64HI" failures="0" tests="1" name="product_package.Create_New_Product_With_SomeFieldsTest" time="14.955" errors="0" timestamp="2024-07-20T19:17:33 IST" skipped="0">
  <testcase classname="product_package.Create_New_Product_With_SomeFieldsTest" name="createnewproductwithsomefields" time="14.955"/>
</testsuite> <!-- product_package.Create_New_Product_With_SomeFieldsTest -->
