<?xml version="1.0" encoding="UTF-8"?>
<!-- Generated by org.testng.reporters.JUnitReportReporter -->
<testsuite hostname="LAPTOP-RTGV64HI" failures="0" tests="1" name="createContact_package.CreateNewContactTest" time="13.608" errors="0" timestamp="2024-03-23T17:22:14 IST" skipped="0">
  <testcase classname="createContact_package.CreateNewContactTest" name="NewContactWithMandatoryFields" time="13.608"/>
</testsuite> <!-- createContact_package.CreateNewContactTest -->
