<?xml version="1.0" encoding="UTF-8"?>
<!-- Generated by org.testng.reporters.JUnitReportReporter -->
<testsuite hostname="LAPTOP-RTGV64HI" failures="0" tests="1" name="leadspackage.CreateNewLeadWithNonMandatoryFieldsTest" time="9.452" errors="0" timestamp="2024-06-15T18:06:03 IST" skipped="0">
  <testcase classname="leadspackage.CreateNewLeadWithNonMandatoryFieldsTest" name="createNewLeadWithNon_MandatoryFields" time="9.452"/>
</testsuite> <!-- leadspackage.CreateNewLeadWithNonMandatoryFieldsTest -->
