<?xml version="1.0" encoding="UTF-8"?>
<!-- Generated by org.testng.reporters.JUnitReportReporter -->
<testsuite hostname="LAPTOP-RTGV64HI" failures="0" tests="1" name="product_package.CreateNewProductTest" time="17.588" errors="0" timestamp="2024-06-17T15:24:45 IST" skipped="0">
  <testcase classname="product_package.CreateNewProductTest" name="CreateProductmethod" time="17.588"/>
</testsuite> <!-- product_package.CreateNewProductTest -->
