<?xml version="1.0" encoding="UTF-8"?>
<!-- Generated by org.testng.reporters.JUnitReportReporter -->
<testsuite hostname="LAPTOP-RTGV64HI" failures="0" tests="1" name="document_package.Create_Document_With_Description_Test" time="14.348" errors="0" timestamp="2024-07-20T17:51:44 IST" skipped="0">
  <testcase classname="document_package.Create_Document_With_Description_Test" name="createdocumentwithDescription" time="14.348"/>
</testsuite> <!-- document_package.Create_Document_With_Description_Test -->
