<?xml version="1.0" encoding="UTF-8"?>
<!-- Generated by org.testng.reporters.JUnitReportReporter -->
<testsuite hostname="LAPTOP-RTGV64HI" failures="0" tests="1" name="leadspackage.CreateNewLeadWithNonMandatoryFieldsTest" time="22.271" errors="0" timestamp="2024-04-03T22:25:20 IST" skipped="0">
  <testcase classname="leadspackage.CreateNewLeadWithNonMandatoryFieldsTest" name="createNewLeadWithNon_MandatoryFields" time="22.271"/>
</testsuite> <!-- leadspackage.CreateNewLeadWithNonMandatoryFieldsTest -->
