<?xml version="1.0" encoding="UTF-8"?>
<!-- Generated by org.testng.reporters.JUnitReportReporter -->
<testsuite hostname="LAPTOP-RTGV64HI" failures="0" tests="1" name="organizationpackage.CreateOrganizationTest" time="14.611" errors="0" timestamp="2024-03-24T11:08:16 IST" skipped="0">
  <testcase classname="organizationpackage.CreateOrganizationTest" name="createOrganizationPage" time="14.611"/>
</testsuite> <!-- organizationpackage.CreateOrganizationTest -->
