<?xml version="1.0" encoding="UTF-8"?>
<!-- Generated by org.testng.reporters.JUnitReportReporter -->
<testsuite hostname="LAPTOP-RTGV64HI" failures="0" tests="1" name="organizationpackage.CreateOrganizationTest" time="42.677" errors="0" timestamp="2024-03-27T19:01:08 IST" skipped="0">
  <testcase classname="organizationpackage.CreateOrganizationTest" name="createOrganizationPage" time="42.677"/>
</testsuite> <!-- organizationpackage.CreateOrganizationTest -->
