<?xml version="1.0" encoding="UTF-8"?>
<!-- Generated by org.testng.reporters.JUnitReportReporter -->
<testsuite hostname="LAPTOP-RTGV64HI" failures="0" tests="1" name="organizationpackage.CreateOrganizationwithIndustryTest" time="15.370" errors="0" timestamp="2024-07-19T19:27:17 IST" skipped="0">
  <testcase classname="organizationpackage.CreateOrganizationwithIndustryTest" name="createOrganizationPage" time="15.370"/>
</testsuite> <!-- organizationpackage.CreateOrganizationwithIndustryTest -->
