<?xml version="1.0" encoding="UTF-8"?>
<!-- Generated by org.testng.reporters.JUnitReportReporter -->
<testsuite hostname="LAPTOP-RTGV64HI" failures="0" tests="3" name="practice.TestNG_Class" time="0.022" errors="0" timestamp="2024-06-15T18:09:58 IST" skipped="0">
  <testcase classname="practice.TestNG_Class" name="delete" time="0.001"/>
  <testcase classname="practice.TestNG_Class" name="create" time="0.020"/>
  <testcase classname="practice.TestNG_Class" name="modify" time="0.001"/>
</testsuite> <!-- practice.TestNG_Class -->
